

Version:	3.13
CmdLine:	C:\Users\Programmer\IdeaProjects\000_CFT_technical_homework\sort-it.exe --l4j-debug
WOW64:		yes
Working dir:	C:\Users\Programmer\IdeaProjects\000_CFT_technical_homework\.
Java min ver:	1.001.000
Java max ver:	
64-bit search:	SOFTWARE\JavaSoft\Java Runtime Environment...
32-bit search:	SOFTWARE\JavaSoft\Java Runtime Environment...
64-bit search:	SOFTWARE\JavaSoft\Java Development Kit...
Check:		SOFTWARE\JavaSoft\Java Development Kit\1.8
Check launcher:	C:\Program Files\Java\jdk1.8.0_172\bin\javaw.exe (OK)
Match:		1.008.000
Check:		SOFTWARE\JavaSoft\Java Development Kit\1.8.0_172
Check launcher:	C:\Program Files\Java\jdk1.8.0_172\bin\javaw.exe (OK)
Match:		1.008.000_172
64-bit search:	SOFTWARE\JavaSoft\JRE...
64-bit search:	SOFTWARE\JavaSoft\JDK...
Check:		SOFTWARE\JavaSoft\JDK\15.0.2
Check launcher:	C:\Program Files\Java\jdk-15.0.2\bin\javaw.exe (OK)
Match:		1.015.000_002
Runtime used:	1.015.000_002 (64-bit)
Launcher:	C:\Program Files\Java\jdk-15.0.2\bin\javaw.exe
Launcher args:	-jar "C:\Users\Programmer\IdeaProjects\000_CFT_technical_homework\sort-it.exe"
Args length:	78/32768 chars
Exit code:	0


Version:	3.13
CmdLine:	C:\Users\Programmer\IdeaProjects\000_CFT_technical_homework\sort-it.exe --l4j-debug
WOW64:		yes
Working dir:	C:\Users\Programmer\IdeaProjects\000_CFT_technical_homework\.
Java min ver:	1.001.000
Java max ver:	
64-bit search:	SOFTWARE\JavaSoft\Java Runtime Environment...
32-bit search:	SOFTWARE\JavaSoft\Java Runtime Environment...
64-bit search:	SOFTWARE\JavaSoft\Java Development Kit...
Check:		SOFTWARE\JavaSoft\Java Development Kit\1.8
Check launcher:	C:\Program Files\Java\jdk1.8.0_172\bin\javaw.exe (OK)
Match:		1.008.000
Check:		SOFTWARE\JavaSoft\Java Development Kit\1.8.0_172
Check launcher:	C:\Program Files\Java\jdk1.8.0_172\bin\javaw.exe (OK)
Match:		1.008.000_172
64-bit search:	SOFTWARE\JavaSoft\JRE...
64-bit search:	SOFTWARE\JavaSoft\JDK...
Check:		SOFTWARE\JavaSoft\JDK\15.0.2
Check launcher:	C:\Program Files\Java\jdk-15.0.2\bin\javaw.exe (OK)
Match:		1.015.000_002
Runtime used:	1.015.000_002 (64-bit)
Substitute:	EXEDIR = C:\Users\Programmer\IdeaProjects\000_CFT_technical_homework
Launcher:	C:\Program Files\Java\jdk-15.0.2\bin\javaw.exe
Launcher args:	-Dlaunch4j.exedir="C:\Users\Programmer\IdeaProjects\000_CFT_technical_homework" -jar "C:\Users\Programmer\IdeaProjects\000_CFT_technical_homework\sort-it.exe"
Args length:	158/32768 chars
Exit code:	0
